Using pre-set license
Built from '2022.3/respin/2022.3.62f2-4af31df585-v2' branch; Version is '2022.3.62f3 (96770f904ca7) revision 9860879'; Using compiler version '192829333'; Build Type 'Release'
OS: 'Windows 10  (10.0.19045) 64bit Professional' Language: 'en' Physical Memory: 24501 MB
BatchMode: 1, IsHumanControllingUs: 0, StartBugReporterOnCrash: 0, Is64bit: 1, IsPro: 1

COMMAND LINE ARGUMENTS:
D:\Unity\2022.3.62f3\Editor\Unity.exe
-adb2
-batchMode
-noUpm
-name
AssetImportWorker0
-projectPath
D:/UnityProject/Newgame_3d
-logFile
Logs/AssetImportWorker0.log
-srvPort
50033
Successfully changed project path to: D:/UnityProject/Newgame_3d
D:/UnityProject/Newgame_3d
[UnityMemory] Configuration Parameters - Can be set up in boot.config
    "memorysetup-bucket-allocator-granularity=16"
    "memorysetup-bucket-allocator-bucket-count=8"
    "memorysetup-bucket-allocator-block-size=33554432"
    "memorysetup-bucket-allocator-block-count=8"
    "memorysetup-main-allocator-block-size=16777216"
    "memorysetup-thread-allocator-block-size=16777216"
    "memorysetup-gfx-main-allocator-block-size=16777216"
    "memorysetup-gfx-thread-allocator-block-size=16777216"
    "memorysetup-cache-allocator-block-size=4194304"
    "memorysetup-typetree-allocator-block-size=2097152"
    "memorysetup-profiler-bucket-allocator-granularity=16"
    "memorysetup-profiler-bucket-allocator-bucket-count=8"
    "memorysetup-profiler-bucket-allocator-block-size=33554432"
    "memorysetup-profiler-bucket-allocator-block-count=8"
    "memorysetup-profiler-allocator-block-size=16777216"
    "memorysetup-profiler-editor-allocator-block-size=1048576"
    "memorysetup-temp-allocator-size-main=16777216"
    "memorysetup-job-temp-allocator-block-size=2097152"
    "memorysetup-job-temp-allocator-block-size-background=1048576"
    "memorysetup-job-temp-allocator-reduction-small-platforms=262144"
    "memorysetup-allocator-temp-initial-block-size-main=262144"
    "memorysetup-allocator-temp-initial-block-size-worker=262144"
    "memorysetup-temp-allocator-size-background-worker=32768"
    "memorysetup-temp-allocator-size-job-worker=262144"
    "memorysetup-temp-allocator-size-preload-manager=33554432"
    "memorysetup-temp-allocator-size-nav-mesh-worker=65536"
    "memorysetup-temp-allocator-size-audio-worker=65536"
    "memorysetup-temp-allocator-size-cloud-worker=32768"
    "memorysetup-temp-allocator-size-gi-baking-worker=262144"
    "memorysetup-temp-allocator-size-gfx=262144"
Player connection [9556]  Target information:

Player connection [9556]  * "[IP] 192.168.1.19 [Port] 0 [Flags] 2 [Guid] 3930151817 [EditorId] 3930151817 [Version] 1048832 [Id] WindowsEditor(7,DESKTOP-LOPNP19) [Debug] 1 [PackageName] WindowsEditor [ProjectName] Editor" 

Player connection [9556] Host joined multi-casting on [225.0.0.222:54997]...
Player connection [9556] Host joined alternative multi-casting on [225.0.0.222:34997]...
Input System module state changed to: Initialized.
[PhysX] Initialized MultithreadedTaskDispatcher with 6 workers.
Refreshing native plugins compatible for Editor in 10.09 ms, found 4 plugins.
Preloading 0 native plugins for Editor in 0.00 ms.
Initialize engine version: 2022.3.62f3 (96770f904ca7)
[Subsystems] Discovering subsystems at path D:/Unity/2022.3.62f3/Editor/Data/Resources/UnitySubsystems
[Subsystems] Discovering subsystems at path D:/UnityProject/Newgame_3d/Assets
GfxDevice: creating device client; threaded=0; jobified=0
Direct3D:
    Version:  Direct3D 11.0 [level 11.1]
    Renderer: NVIDIA GeForce RTX 3060 (ID=0x2504)
    Vendor:   NVIDIA
    VRAM:     12115 MB
    Driver:   32.0.16.1047
Initialize mono
Mono path[0] = 'D:/Unity/2022.3.62f3/Editor/Data/Managed'
Mono path[1] = 'D:/Unity/2022.3.62f3/Editor/Data/MonoBleedingEdge/lib/mono/unityjit-win32'
Mono config path = 'D:/Unity/2022.3.62f3/Editor/Data/MonoBleedingEdge/etc'
Using monoOptions --debugger-agent=transport=dt_socket,embedding=1,server=y,suspend=n,address=127.0.0.1:56796
Begin MonoManager ReloadAssembly
Registering precompiled unity dll's ...
Register platform support module: D:/Unity/2022.3.62f3/Editor/Data/PlaybackEngines/WindowsStandaloneSupport/UnityEditor.WindowsStandalone.Extensions.dll
Registered in 0.003632 seconds.
- Loaded All Assemblies, in  0.344 seconds
Native extension for WindowsStandalone target not found
Mono: successfully reloaded assembly
- Finished resetting the current domain, in  0.274 seconds
Domain Reload Profiling: 617ms
	BeginReloadAssembly (106ms)
		ExecutionOrderSort (0ms)
		DisableScriptedObjects (0ms)
		BackupInstance (0ms)
		ReleaseScriptingObjects (0ms)
		CreateAndSetChildDomain (1ms)
	RebuildCommonClasses (36ms)
	RebuildNativeTypeToScriptingClass (12ms)
	initialDomainReloadingComplete (51ms)
	LoadAllAssembliesAndSetupDomain (139ms)
		LoadAssemblies (105ms)
		RebuildTransferFunctionScriptingTraits (0ms)
		AnalyzeDomain (137ms)
			TypeCache.Refresh (135ms)
				TypeCache.ScanAssembly (123ms)
			ScanForSourceGeneratedMonoScriptInfo (0ms)
			ResolveRequiredComponents (0ms)
	FinalizeReload (274ms)
		ReleaseScriptCaches (0ms)
		RebuildScriptCaches (0ms)
		SetupLoadedEditorAssemblies (227ms)
			LogAssemblyErrors (0ms)
			InitializePlatformSupportModulesInManaged (9ms)
			SetLoadedEditorAssemblies (8ms)
			RefreshPlugins (0ms)
			BeforeProcessingInitializeOnLoad (2ms)
			ProcessInitializeOnLoadAttributes (161ms)
			ProcessInitializeOnLoadMethodAttributes (47ms)
			AfterProcessingInitializeOnLoad (0ms)
			EditorAssembliesLoaded (0ms)
		ExecutionOrderSort2 (0ms)
		AwakeInstancesAfterBackupRestoration (0ms)
========================================================================
Worker process is ready to serve import requests
Caller must complete domain reload
Begin MonoManager ReloadAssembly
- Loaded All Assemblies, in  0.722 seconds
Native extension for WindowsStandalone target not found
Mono: successfully reloaded assembly
- Finished resetting the current domain, in  0.931 seconds
Domain Reload Profiling: 1653ms
	BeginReloadAssembly (151ms)
		ExecutionOrderSort (0ms)
		DisableScriptedObjects (5ms)
		BackupInstance (0ms)
		ReleaseScriptingObjects (0ms)
		CreateAndSetChildDomain (24ms)
	RebuildCommonClasses (36ms)
	RebuildNativeTypeToScriptingClass (13ms)
	initialDomainReloadingComplete (41ms)
	LoadAllAssembliesAndSetupDomain (480ms)
		LoadAssemblies (320ms)
		RebuildTransferFunctionScriptingTraits (0ms)
		AnalyzeDomain (248ms)
			TypeCache.Refresh (210ms)
				TypeCache.ScanAssembly (196ms)
			ScanForSourceGeneratedMonoScriptInfo (24ms)
			ResolveRequiredComponents (11ms)
	FinalizeReload (932ms)
		ReleaseScriptCaches (0ms)
		RebuildScriptCaches (0ms)
		SetupLoadedEditorAssemblies (750ms)
			LogAssemblyErrors (0ms)
			InitializePlatformSupportModulesInManaged (5ms)
			SetLoadedEditorAssemblies (6ms)
			RefreshPlugins (0ms)
			BeforeProcessingInitializeOnLoad (79ms)
			ProcessInitializeOnLoadAttributes (596ms)
			ProcessInitializeOnLoadMethodAttributes (61ms)
			AfterProcessingInitializeOnLoad (3ms)
			EditorAssembliesLoaded (0ms)
		ExecutionOrderSort2 (0ms)
		AwakeInstancesAfterBackupRestoration (6ms)
WARNING: Shader Unsupported: 'Hidden/Builtin_TerrainVisualization' - All subshaders removed
WARNING: Shader Did you use #pragma only_renderers and omit this platform?
WARNING: Shader If subshaders removal was intentional, you may have forgotten turning Fallback off?
WARNING: Shader Unsupported: 'Hidden/Builtin_TerrainVisualization' - All subshaders removed
WARNING: Shader Did you use #pragma only_renderers and omit this platform?
WARNING: Shader If subshaders removal was intentional, you may have forgotten turning Fallback off?
Launched and connected shader compiler UnityShaderCompiler.exe after 0.05 seconds
Refreshing native plugins compatible for Editor in 3.74 ms, found 4 plugins.
Preloading 0 native plugins for Editor in 0.00 ms.
Unloading 5650 Unused Serialized files (Serialized files now loaded: 0)
Unloading 62 unused Assets / (1.7 MB). Loaded Objects now: 6113.
Memory consumption went from 229.9 MB to 228.3 MB.
Total: 5.217300 ms (FindLiveObjects: 0.567800 ms CreateObjectMapping: 0.177300 ms MarkObjects: 3.939100 ms  DeleteObjects: 0.531600 ms)

AssetImportParameters requested are different than current active one (requested -> active):
  custom:container-demuxer-ogg: 62fdf1f143b41e24485cea50d1cbac27 -> 
  custom:video-decoder-ogg-theora: a1e56fd34408186e4bbccfd4996cb3dc -> 
  custom:framework-win-MediaFoundation: 216162199b28c13a410421893ffa2e32 -> 
  custom:CustomObjectIndexerAttribute: 72b91833f83ae208fae7752999fa3104 -> 
  custom:container-demuxer-webm: 4f35f7cbe854078d1ac9338744f61a02 -> 
  custom:container-muxer-webm: aa71ff27fc2769a1b78a27578f13a17b -> 
  custom:video-decoder-webm-vp8: 9c59270c3fd7afecdb556c50c9e8de78 -> 
  custom:SearchIndexIgnoredProperties: e643bd26f0fe6173181afceb89e7c659 -> 
  custom:AudioImporter_EditorPlatform: d09bf68614088b80899f8185d706f6e7 -> 
  custom:video-encoder-webm-vp8: eb34c28f22e8b96e1ab97ce403110664 -> 
  custom:audio-decoder-ogg-vorbis: bf7c407c2cedff20999df2af8eb42d56 -> 
  custom:audio-encoder-webm-vorbis: bf7c407c2cedff20999df2af8eb42d56 -> 
========================================================================
Received Import Request.
  Time since last request: 78378.039967 seconds.
  path: Assets/Animations/Walking/WalkBackLeft.anim
  artifactKey: Guid(5a84470447d567947a65e927be2a6ecd) Importer(2089858483,0ecaa5967403d082aa24f35e1b516d23)
Start importing Assets/Animations/Walking/WalkBackLeft.anim using Guid(5a84470447d567947a65e927be2a6ecd) Importer(2089858483,0ecaa5967403d082aa24f35e1b516d23) [PhysX] Initialized MultithreadedTaskDispatcher with 6 workers.
 -> (artifact id: '719ef0642308357d3dde37e3ad4e0d7d') in 0.229818 seconds
Number of updated asset objects reloaded before import = 0
Number of asset objects unloaded after import = 1
========================================================================
Received Import Request.
  Time since last request: 0.000113 seconds.
  path: Assets/Settings/URP-Performant-Renderer.asset
  artifactKey: Guid(707360a9c581a4bd7aa53bfeb1429f71) Importer(2089858483,0ecaa5967403d082aa24f35e1b516d23)
Start importing Assets/Settings/URP-Performant-Renderer.asset using Guid(707360a9c581a4bd7aa53bfeb1429f71) Importer(2089858483,0ecaa5967403d082aa24f35e1b516d23) [PhysX] Initialized MultithreadedTaskDispatcher with 6 workers.
 -> (artifact id: 'fc654780652ab07fa7c497b40591e6ec') in 0.060170 seconds
Number of updated asset objects reloaded before import = 0
Number of asset objects unloaded after import = 1
========================================================================
Received Import Request.
  Time since last request: 0.000065 seconds.
  path: Assets/Asset/Nha1/House1.fbx
  artifactKey: Guid(33309c1498cfdd74a87f2523992268ff) Importer(2089858483,0ecaa5967403d082aa24f35e1b516d23)
Start importing Assets/Asset/Nha1/House1.fbx using Guid(33309c1498cfdd74a87f2523992268ff) Importer(2089858483,0ecaa5967403d082aa24f35e1b516d23) [PhysX] Initialized MultithreadedTaskDispatcher with 6 workers.
 -> (artifact id: '222bbfda845d97e7ef35a925052489ef') in 0.106774 seconds
Number of updated asset objects reloaded before import = 0
Number of asset objects unloaded after import = 54
========================================================================
Received Import Request.
  Time since last request: 0.000023 seconds.
  path: Assets/Player/Textures/Ch15_1001_Diffuse.png
  artifactKey: Guid(96bf959476e50ab4b92296645f27aec1) Importer(2089858483,0ecaa5967403d082aa24f35e1b516d23)
Start importing Assets/Player/Textures/Ch15_1001_Diffuse.png using Guid(96bf959476e50ab4b92296645f27aec1) Importer(2089858483,0ecaa5967403d082aa24f35e1b516d23) [PhysX] Initialized MultithreadedTaskDispatcher with 6 workers.
 -> (artifact id: '32428c1014cfcdde27716184670e8d3c') in 0.050586 seconds
Number of updated asset objects reloaded before import = 0
Number of asset objects unloaded after import = 1
========================================================================
Received Import Request.
  Time since last request: 0.000029 seconds.
  path: Assets/Animations/Running/RunBack.anim
  artifactKey: Guid(178feaa88a8b8294abfb5299891dc3e9) Importer(2089858483,0ecaa5967403d082aa24f35e1b516d23)
Start importing Assets/Animations/Running/RunBack.anim using Guid(178feaa88a8b8294abfb5299891dc3e9) Importer(2089858483,0ecaa5967403d082aa24f35e1b516d23) [PhysX] Initialized MultithreadedTaskDispatcher with 6 workers.
 -> (artifact id: 'abc327191032051dd5a512b5ded83a48') in 0.022735 seconds
Number of updated asset objects reloaded before import = 0
Number of asset objects unloaded after import = 1
========================================================================
Received Import Request.
  Time since last request: 0.000033 seconds.
  path: Assets/Animations/Crouching/CrouchIdle.anim
  artifactKey: Guid(2085a52de71ff804b9f7ac98379235d1) Importer(2089858483,0ecaa5967403d082aa24f35e1b516d23)
Start importing Assets/Animations/Crouching/CrouchIdle.anim using Guid(2085a52de71ff804b9f7ac98379235d1) Importer(2089858483,0ecaa5967403d082aa24f35e1b516d23) [PhysX] Initialized MultithreadedTaskDispatcher with 6 workers.
 -> (artifact id: '55b868187a4a7d12d43c05e40586f92e') in 0.014083 seconds
Number of updated asset objects reloaded before import = 0
Number of asset objects unloaded after import = 1
========================================================================
Received Import Request.
  Time since last request: 0.000019 seconds.
  path: Assets/Asset/nhaduc.mat
  artifactKey: Guid(2f6c488e83be5e245a36d42b9d0d15e9) Importer(2089858483,0ecaa5967403d082aa24f35e1b516d23)
Start importing Assets/Asset/nhaduc.mat using Guid(2f6c488e83be5e245a36d42b9d0d15e9) Importer(2089858483,0ecaa5967403d082aa24f35e1b516d23) [PhysX] Initialized MultithreadedTaskDispatcher with 6 workers.
 -> (artifact id: '415df6b716641146ab6ceb08131e7411') in 0.039767 seconds
Number of updated asset objects reloaded before import = 0
Number of asset objects unloaded after import = 4
========================================================================
Received Import Request.
  Time since last request: 0.000024 seconds.
  path: Assets/Settings/URP-Balanced.asset
  artifactKey: Guid(e1260c1148f6143b28bae5ace5e9c5d1) Importer(2089858483,0ecaa5967403d082aa24f35e1b516d23)
Start importing Assets/Settings/URP-Balanced.asset using Guid(e1260c1148f6143b28bae5ace5e9c5d1) Importer(2089858483,0ecaa5967403d082aa24f35e1b516d23) [PhysX] Initialized MultithreadedTaskDispatcher with 6 workers.
 -> (artifact id: 'f2b1c987c05df235e1921fef8fe3af7d') in 0.058071 seconds
Number of updated asset objects reloaded before import = 0
Number of asset objects unloaded after import = 3
========================================================================
Received Import Request.
  Time since last request: 0.000027 seconds.
  path: Assets/Player/Player.fbx
  artifactKey: Guid(a4b30c6c2760c01459fef0863777b5b1) Importer(2089858483,0ecaa5967403d082aa24f35e1b516d23)
Start importing Assets/Player/Player.fbx using Guid(a4b30c6c2760c01459fef0863777b5b1) Importer(2089858483,0ecaa5967403d082aa24f35e1b516d23) [PhysX] Initialized MultithreadedTaskDispatcher with 6 workers.
 -> (artifact id: 'df67ec771f09faa2f55b1fdcac7c2757') in 0.032075 seconds
Number of updated asset objects reloaded before import = 0
Number of asset objects unloaded after import = 141
========================================================================
Received Import Request.
  Time since last request: 0.000020 seconds.
  path: Assets/Scenes/Tutorial.unity
  artifactKey: Guid(7cc853918f1aaae459f33fe3adc5521d) Importer(2089858483,0ecaa5967403d082aa24f35e1b516d23)
Start importing Assets/Scenes/Tutorial.unity using Guid(7cc853918f1aaae459f33fe3adc5521d) Importer(2089858483,0ecaa5967403d082aa24f35e1b516d23) [PhysX] Initialized MultithreadedTaskDispatcher with 6 workers.
 -> (artifact id: 'dc1f554550727916789da0a306c02606') in 0.012594 seconds
Number of updated asset objects reloaded before import = 0
Number of asset objects unloaded after import = 1
========================================================================
Received Import Request.
  Time since last request: 0.000023 seconds.
  path: Assets/Animations/Running/Run.anim
  artifactKey: Guid(32feab87d8b4e82458de0a8b6a20a95b) Importer(2089858483,0ecaa5967403d082aa24f35e1b516d23)
Start importing Assets/Animations/Running/Run.anim using Guid(32feab87d8b4e82458de0a8b6a20a95b) Importer(2089858483,0ecaa5967403d082aa24f35e1b516d23) [PhysX] Initialized MultithreadedTaskDispatcher with 6 workers.
 -> (artifact id: 'b9b23bc63312b3e2960958d663d8f9d8') in 0.024896 seconds
Number of updated asset objects reloaded before import = 0
Number of asset objects unloaded after import = 1
========================================================================
Received Import Request.
  Time since last request: 0.000035 seconds.
  path: Assets/Unity-URP-GlassShader-master/Glass.mat
  artifactKey: Guid(0cb4b4dfd34ab674c9096ca856ba6d45) Importer(2089858483,0ecaa5967403d082aa24f35e1b516d23)
Start importing Assets/Unity-URP-GlassShader-master/Glass.mat using Guid(0cb4b4dfd34ab674c9096ca856ba6d45) Importer(2089858483,0ecaa5967403d082aa24f35e1b516d23) [PhysX] Initialized MultithreadedTaskDispatcher with 6 workers.
 -> (artifact id: '88b0ba8139e046b61eef937bbb865d7f') in 0.015433 seconds
Number of updated asset objects reloaded before import = 0
Number of asset objects unloaded after import = 1
========================================================================
Received Import Request.
  Time since last request: 0.000022 seconds.
  path: Assets/Asset/Nha1/Texture/gravel_concrete_albedo_gl_1k.png
  artifactKey: Guid(1c6d5251f8e43004b8d846b05ceb2368) Importer(2089858483,0ecaa5967403d082aa24f35e1b516d23)
Start importing Assets/Asset/Nha1/Texture/gravel_concrete_albedo_gl_1k.png using Guid(1c6d5251f8e43004b8d846b05ceb2368) Importer(2089858483,0ecaa5967403d082aa24f35e1b516d23) [PhysX] Initialized MultithreadedTaskDispatcher with 6 workers.
 -> (artifact id: 'f0cd31f6ab6cc8e3a1b18b20407796e3') in 0.020370 seconds
Number of updated asset objects reloaded before import = 0
Number of asset objects unloaded after import = 1
========================================================================
Received Import Request.
  Time since last request: 0.000026 seconds.
  path: Assets/Player/Textures/Ch15_1001_Glossiness.png
  artifactKey: Guid(4672b98c3275d7c429557d75be64f0d9) Importer(2089858483,0ecaa5967403d082aa24f35e1b516d23)
Start importing Assets/Player/Textures/Ch15_1001_Glossiness.png using Guid(4672b98c3275d7c429557d75be64f0d9) Importer(2089858483,0ecaa5967403d082aa24f35e1b516d23) [PhysX] Initialized MultithreadedTaskDispatcher with 6 workers.
 -> (artifact id: '07aa2c00722986e7f3977649ef4d669b') in 0.029129 seconds
Number of updated asset objects reloaded before import = 0
Number of asset objects unloaded after import = 1
========================================================================
Received Import Request.
  Time since last request: 0.000026 seconds.
  path: Assets/Player/Textures/Ch15_1001_Normal.png
  artifactKey: Guid(92a1d68175071c7419f3cd500273855b) Importer(2089858483,0ecaa5967403d082aa24f35e1b516d23)
Start importing Assets/Player/Textures/Ch15_1001_Normal.png using Guid(92a1d68175071c7419f3cd500273855b) Importer(2089858483,0ecaa5967403d082aa24f35e1b516d23) [PhysX] Initialized MultithreadedTaskDispatcher with 6 workers.
 -> (artifact id: '6faf9859212de39f337c45d396e25eb9') in 0.025926 seconds
Number of updated asset objects reloaded before import = 0
Number of asset objects unloaded after import = 1
========================================================================
Received Import Request.
  Time since last request: 0.000023 seconds.
  path: Assets/Asset/Nha1/Texture/gravel_concrete_disp_1k.png
  artifactKey: Guid(b571854f75470c34db04b697f71cc19e) Importer(2089858483,0ecaa5967403d082aa24f35e1b516d23)
Start importing Assets/Asset/Nha1/Texture/gravel_concrete_disp_1k.png using Guid(b571854f75470c34db04b697f71cc19e) Importer(2089858483,0ecaa5967403d082aa24f35e1b516d23) [PhysX] Initialized MultithreadedTaskDispatcher with 6 workers.
 -> (artifact id: 'f8ed796fd49c0d1bdc2cb896bab4f1eb') in 0.028221 seconds
Number of updated asset objects reloaded before import = 0
Number of asset objects unloaded after import = 1
========================================================================
Received Import Request.
  Time since last request: 0.000024 seconds.
  path: Assets/terrain/Terrain.mat
  artifactKey: Guid(f9b060c1cf533a6409e73858ec2cba69) Importer(2089858483,0ecaa5967403d082aa24f35e1b516d23)
Start importing Assets/terrain/Terrain.mat using Guid(f9b060c1cf533a6409e73858ec2cba69) Importer(2089858483,0ecaa5967403d082aa24f35e1b516d23) [PhysX] Initialized MultithreadedTaskDispatcher with 6 workers.
 -> (artifact id: 'fd88fa87d473d4ed9dfd59ab7421d7a5') in 0.017457 seconds
Number of updated asset objects reloaded before import = 0
Number of asset objects unloaded after import = 2
========================================================================
Received Import Request.
  Time since last request: 0.000025 seconds.
  path: Assets/Scenes/SampleScene.unity
  artifactKey: Guid(99c9720ab356a0642a771bea13969a05) Importer(2089858483,0ecaa5967403d082aa24f35e1b516d23)
Start importing Assets/Scenes/SampleScene.unity using Guid(99c9720ab356a0642a771bea13969a05) Importer(2089858483,0ecaa5967403d082aa24f35e1b516d23) [PhysX] Initialized MultithreadedTaskDispatcher with 6 workers.
 -> (artifact id: '8a4991a58adc1ff4b949c99540ffe3a4') in 0.011587 seconds
Number of updated asset objects reloaded before import = 0
Number of asset objects unloaded after import = 1
========================================================================
Received Import Request.
  Time since last request: 0.000039 seconds.
  path: Assets/terrain/bumpy_worn_ground_height.png
  artifactKey: Guid(19b01117974791445b5741e7a3984e3a) Importer(2089858483,0ecaa5967403d082aa24f35e1b516d23)
Start importing Assets/terrain/bumpy_worn_ground_height.png using Guid(19b01117974791445b5741e7a3984e3a) Importer(2089858483,0ecaa5967403d082aa24f35e1b516d23) [PhysX] Initialized MultithreadedTaskDispatcher with 6 workers.
 -> (artifact id: 'e1764e2874a7f977c964725cfa62bc57') in 0.023717 seconds
Number of updated asset objects reloaded before import = 0
Number of asset objects unloaded after import = 1
========================================================================
Received Import Request.
  Time since last request: 0.000024 seconds.
  path: Assets/Settings/URP-Balanced-Renderer.asset
  artifactKey: Guid(e634585d5c4544dd297acaee93dc2beb) Importer(2089858483,0ecaa5967403d082aa24f35e1b516d23)
Start importing Assets/Settings/URP-Balanced-Renderer.asset using Guid(e634585d5c4544dd297acaee93dc2beb) Importer(2089858483,0ecaa5967403d082aa24f35e1b516d23) [PhysX] Initialized MultithreadedTaskDispatcher with 6 workers.
 -> (artifact id: '7fce3ea6ab93b4025741f99b0ae6a777') in 0.025868 seconds
Number of updated asset objects reloaded before import = 0
Number of asset objects unloaded after import = 2
========================================================================
Received Import Request.
  Time since last request: 0.000024 seconds.
  path: Assets/terrain/bumpy_worn_ground_metallic.png
  artifactKey: Guid(81a5c8016e567d94a8d6032a43cbf2b4) Importer(2089858483,0ecaa5967403d082aa24f35e1b516d23)
Start importing Assets/terrain/bumpy_worn_ground_metallic.png using Guid(81a5c8016e567d94a8d6032a43cbf2b4) Importer(2089858483,0ecaa5967403d082aa24f35e1b516d23) [PhysX] Initialized MultithreadedTaskDispatcher with 6 workers.
 -> (artifact id: '1cd013ad163e14f2737e1d91227d1d7b') in 0.022578 seconds
Number of updated asset objects reloaded before import = 0
Number of asset objects unloaded after import = 1
========================================================================
Received Import Request.
  Time since last request: 0.000021 seconds.
  path: Assets/Animations/Walking/LeftWalk.anim
  artifactKey: Guid(931756e436d58394ea46d1caaa6f0742) Importer(2089858483,0ecaa5967403d082aa24f35e1b516d23)
Start importing Assets/Animations/Walking/LeftWalk.anim using Guid(931756e436d58394ea46d1caaa6f0742) Importer(2089858483,0ecaa5967403d082aa24f35e1b516d23) [PhysX] Initialized MultithreadedTaskDispatcher with 6 workers.
 -> (artifact id: 'b17e5994d394702e32948e412a41f2f3') in 0.024511 seconds
Number of updated asset objects reloaded before import = 0
Number of asset objects unloaded after import = 1
========================================================================
Received Import Request.
  Time since last request: 0.000030 seconds.
  path: Assets/Animations/Running/RightRun.anim
  artifactKey: Guid(06d4f6b105784b849bb6f9ed821c21ec) Importer(2089858483,0ecaa5967403d082aa24f35e1b516d23)
Start importing Assets/Animations/Running/RightRun.anim using Guid(06d4f6b105784b849bb6f9ed821c21ec) Importer(2089858483,0ecaa5967403d082aa24f35e1b516d23) [PhysX] Initialized MultithreadedTaskDispatcher with 6 workers.
 -> (artifact id: '43f59ae2d4c29e9f0efad3e3d7ffdb22') in 0.018340 seconds
Number of updated asset objects reloaded before import = 0
Number of asset objects unloaded after import = 1
========================================================================
Received Import Request.
  Time since last request: 0.000022 seconds.
  path: Assets/Asset/Nha1/Texture/nhaduc-base.jpg
  artifactKey: Guid(41a502b580159f645aa78323eb25edcc) Importer(2089858483,0ecaa5967403d082aa24f35e1b516d23)
Start importing Assets/Asset/Nha1/Texture/nhaduc-base.jpg using Guid(41a502b580159f645aa78323eb25edcc) Importer(2089858483,0ecaa5967403d082aa24f35e1b516d23) [PhysX] Initialized MultithreadedTaskDispatcher with 6 workers.
 -> (artifact id: '4f37eec81dec3eb4a92266eb474374d3') in 0.031277 seconds
Number of updated asset objects reloaded before import = 0
Number of asset objects unloaded after import = 1
========================================================================
Received Import Request.
  Time since last request: 0.000024 seconds.
  path: Assets/Asset/Nha1/Texture/nhaduc-rough.png
  artifactKey: Guid(eeec9b73c49359447841b174597fe5e8) Importer(2089858483,0ecaa5967403d082aa24f35e1b516d23)
Start importing Assets/Asset/Nha1/Texture/nhaduc-rough.png using Guid(eeec9b73c49359447841b174597fe5e8) Importer(2089858483,0ecaa5967403d082aa24f35e1b516d23) [PhysX] Initialized MultithreadedTaskDispatcher with 6 workers.
 -> (artifact id: 'cdc5100d0e267ed392d3eaf16cfc81b3') in 0.019617 seconds
Number of updated asset objects reloaded before import = 0
Number of asset objects unloaded after import = 1
========================================================================
Received Import Request.
  Time since last request: 0.000034 seconds.
  path: Assets/Animations/Crouching/CrouchWalkLeft.anim
  artifactKey: Guid(dbcbf07b04e629346a42b1d0fc4acce5) Importer(2089858483,0ecaa5967403d082aa24f35e1b516d23)
Start importing Assets/Animations/Crouching/CrouchWalkLeft.anim using Guid(dbcbf07b04e629346a42b1d0fc4acce5) Importer(2089858483,0ecaa5967403d082aa24f35e1b516d23) [PhysX] Initialized MultithreadedTaskDispatcher with 6 workers.
 -> (artifact id: 'ae10646d7be8ebfc36df5dc0b767996f') in 0.020055 seconds
Number of updated asset objects reloaded before import = 0
Number of asset objects unloaded after import = 1
========================================================================
Received Import Request.
  Time since last request: 0.000020 seconds.
  path: Assets/TutorialInfo/Icons/URP.png
  artifactKey: Guid(727a75301c3d24613a3ebcec4a24c2c8) Importer(2089858483,0ecaa5967403d082aa24f35e1b516d23)
Start importing Assets/TutorialInfo/Icons/URP.png using Guid(727a75301c3d24613a3ebcec4a24c2c8) Importer(2089858483,0ecaa5967403d082aa24f35e1b516d23) [PhysX] Initialized MultithreadedTaskDispatcher with 6 workers.
 -> (artifact id: 'f160321d77d9933a79e11705c5033eeb') in 0.019119 seconds
Number of updated asset objects reloaded before import = 0
Number of asset objects unloaded after import = 1
========================================================================
Received Import Request.
  Time since last request: 0.000021 seconds.
  path: Assets/terrain/bumpy_worn_ground_ao.png
  artifactKey: Guid(7ade95d9b8893cf47b72b046bc374846) Importer(2089858483,0ecaa5967403d082aa24f35e1b516d23)
Start importing Assets/terrain/bumpy_worn_ground_ao.png using Guid(7ade95d9b8893cf47b72b046bc374846) Importer(2089858483,0ecaa5967403d082aa24f35e1b516d23) [PhysX] Initialized MultithreadedTaskDispatcher with 6 workers.
 -> (artifact id: '4943f0f9f3d6ed5e4f533bf6f73a1d13') in 0.023740 seconds
Number of updated asset objects reloaded before import = 0
Number of asset objects unloaded after import = 1
========================================================================
Received Import Request.
  Time since last request: 0.000023 seconds.
  path: Assets/Animations/Crouching/CrouchWalkRight.anim
  artifactKey: Guid(4764fce493c3cb843aae2fb7a7d7d681) Importer(2089858483,0ecaa5967403d082aa24f35e1b516d23)
Start importing Assets/Animations/Crouching/CrouchWalkRight.anim using Guid(4764fce493c3cb843aae2fb7a7d7d681) Importer(2089858483,0ecaa5967403d082aa24f35e1b516d23) [PhysX] Initialized MultithreadedTaskDispatcher with 6 workers.
 -> (artifact id: '30e1476f3ad8cd9eaa27881e3aa119e2') in 0.022241 seconds
Number of updated asset objects reloaded before import = 0
Number of asset objects unloaded after import = 1
========================================================================
Received Import Request.
  Time since last request: 0.000023 seconds.
  path: Assets/terrain/Ground.terrainlayer
  artifactKey: Guid(9736bd3f592f205409be9308ee5ea70d) Importer(2089858483,0ecaa5967403d082aa24f35e1b516d23)
Start importing Assets/terrain/Ground.terrainlayer using Guid(9736bd3f592f205409be9308ee5ea70d) Importer(2089858483,0ecaa5967403d082aa24f35e1b516d23) [PhysX] Initialized MultithreadedTaskDispatcher with 6 workers.
 -> (artifact id: 'aaea6d78c3924841aea8109e9ba07795') in 0.030097 seconds
Number of updated asset objects reloaded before import = 0
Number of asset objects unloaded after import = 3
========================================================================
Received Import Request.
  Time since last request: 0.000021 seconds.
  path: Assets/terrain/bumpy_worn_ground_normal-dx.png
  artifactKey: Guid(eba51c384ada5354d88553a91628bb75) Importer(2089858483,0ecaa5967403d082aa24f35e1b516d23)
Start importing Assets/terrain/bumpy_worn_ground_normal-dx.png using Guid(eba51c384ada5354d88553a91628bb75) Importer(2089858483,0ecaa5967403d082aa24f35e1b516d23) [PhysX] Initialized MultithreadedTaskDispatcher with 6 workers.
 -> (artifact id: '6bd497257edd0c581bf176a26d53c198') in 0.021853 seconds
Number of updated asset objects reloaded before import = 0
Number of asset objects unloaded after import = 1
========================================================================
Received Import Request.
  Time since last request: 0.000023 seconds.
  path: Assets/Settings/SampleSceneProfile.asset
  artifactKey: Guid(a6560a915ef98420e9faacc1c7438823) Importer(2089858483,0ecaa5967403d082aa24f35e1b516d23)
Start importing Assets/Settings/SampleSceneProfile.asset using Guid(a6560a915ef98420e9faacc1c7438823) Importer(2089858483,0ecaa5967403d082aa24f35e1b516d23) [PhysX] Initialized MultithreadedTaskDispatcher with 6 workers.
 -> (artifact id: 'f71af3a7a62c27e32631b240d8c1a97d') in 0.026126 seconds
Number of updated asset objects reloaded before import = 0
Number of asset objects unloaded after import = 4
========================================================================
Received Import Request.
  Time since last request: 0.000043 seconds.
  path: Assets/TutorialInfo/Layout.wlt
  artifactKey: Guid(eabc9546105bf4accac1fd62a63e88e6) Importer(2089858483,0ecaa5967403d082aa24f35e1b516d23)
Start importing Assets/TutorialInfo/Layout.wlt using Guid(eabc9546105bf4accac1fd62a63e88e6) Importer(2089858483,0ecaa5967403d082aa24f35e1b516d23) [PhysX] Initialized MultithreadedTaskDispatcher with 6 workers.
 -> (artifact id: '712ee49fd8c72e2c282be63e989f13e5') in 0.013402 seconds
Number of updated asset objects reloaded before import = 0
Number of asset objects unloaded after import = 1
========================================================================
Received Import Request.
  Time since last request: 0.000031 seconds.
  path: Assets/Readme.asset
  artifactKey: Guid(8105016687592461f977c054a80ce2f2) Importer(2089858483,0ecaa5967403d082aa24f35e1b516d23)
Start importing Assets/Readme.asset using Guid(8105016687592461f977c054a80ce2f2) Importer(2089858483,0ecaa5967403d082aa24f35e1b516d23) [PhysX] Initialized MultithreadedTaskDispatcher with 6 workers.
 -> (artifact id: 'fabaa9ae78479ddd254102171e32863a') in 0.014347 seconds
Number of updated asset objects reloaded before import = 0
Number of asset objects unloaded after import = 2
========================================================================
Received Import Request.
  Time since last request: 0.000032 seconds.
  path: Assets/Asset/nhad.mat
  artifactKey: Guid(7f96518e35d13604397d177e39c7cf4a) Importer(2089858483,0ecaa5967403d082aa24f35e1b516d23)
Start importing Assets/Asset/nhad.mat using Guid(7f96518e35d13604397d177e39c7cf4a) Importer(2089858483,0ecaa5967403d082aa24f35e1b516d23) [PhysX] Initialized MultithreadedTaskDispatcher with 6 workers.
 -> (artifact id: 'cec7909e9f5e17c94ff4d4832eb3c6ea') in 0.016492 seconds
Number of updated asset objects reloaded before import = 0
Number of asset objects unloaded after import = 3
========================================================================
Received Import Request.
  Time since last request: 0.000022 seconds.
  path: Assets/Animations/Crouching/CrouchWalkBack.anim
  artifactKey: Guid(9b7ca3db8eb95a44590268f672662fa7) Importer(2089858483,0ecaa5967403d082aa24f35e1b516d23)
Start importing Assets/Animations/Crouching/CrouchWalkBack.anim using Guid(9b7ca3db8eb95a44590268f672662fa7) Importer(2089858483,0ecaa5967403d082aa24f35e1b516d23) [PhysX] Initialized MultithreadedTaskDispatcher with 6 workers.
 -> (artifact id: '98b20308108e89f41c73126a7b5d2879') in 0.020947 seconds
Number of updated asset objects reloaded before import = 0
Number of asset objects unloaded after import = 1
========================================================================
Received Import Request.
  Time since last request: 0.000028 seconds.
  path: Assets/Animations/Walking/WalkBackRight.anim
  artifactKey: Guid(dddbaa382e799c0429cf37529fa1527c) Importer(2089858483,0ecaa5967403d082aa24f35e1b516d23)
Start importing Assets/Animations/Walking/WalkBackRight.anim using Guid(dddbaa382e799c0429cf37529fa1527c) Importer(2089858483,0ecaa5967403d082aa24f35e1b516d23) [PhysX] Initialized MultithreadedTaskDispatcher with 6 workers.
 -> (artifact id: 'cec99c768e0e141a767d81747a8ecf1b') in 0.025555 seconds
Number of updated asset objects reloaded before import = 0
Number of asset objects unloaded after import = 1
========================================================================
Received Import Request.
  Time since last request: 0.000021 seconds.
  path: Assets/Asset/Nha1/glass.mat
  artifactKey: Guid(5e7de377736333d4caa822a90a7443e6) Importer(2089858483,0ecaa5967403d082aa24f35e1b516d23)
Start importing Assets/Asset/Nha1/glass.mat using Guid(5e7de377736333d4caa822a90a7443e6) Importer(2089858483,0ecaa5967403d082aa24f35e1b516d23) [PhysX] Initialized MultithreadedTaskDispatcher with 6 workers.
 -> (artifact id: '807944f27ceccf49ac6151030917baee') in 0.021844 seconds
Number of updated asset objects reloaded before import = 0
Number of asset objects unloaded after import = 1
========================================================================
Received Import Request.
  Time since last request: 0.000020 seconds.
  path: Assets/Asset/New Shader Graph.shadergraph
  artifactKey: Guid(56b1b0c1c72d3e340a6838b1b1d1734e) Importer(2089858483,0ecaa5967403d082aa24f35e1b516d23)
Start importing Assets/Asset/New Shader Graph.shadergraph using Guid(56b1b0c1c72d3e340a6838b1b1d1734e) Importer(2089858483,0ecaa5967403d082aa24f35e1b516d23) [PhysX] Initialized MultithreadedTaskDispatcher with 6 workers.
 -> (artifact id: 'f3e2076f7594f9f00f0323441756bdb1') in 0.017910 seconds
Number of updated asset objects reloaded before import = 0
Number of asset objects unloaded after import = 2
========================================================================
Received Import Request.
  Time since last request: 0.000024 seconds.
  path: Assets/Asset/Nha1/Texture/nhaduc rough1.png
  artifactKey: Guid(cd5c9b25c89af754f8448b00ec2dc8a1) Importer(2089858483,0ecaa5967403d082aa24f35e1b516d23)
Start importing Assets/Asset/Nha1/Texture/nhaduc rough1.png using Guid(cd5c9b25c89af754f8448b00ec2dc8a1) Importer(2089858483,0ecaa5967403d082aa24f35e1b516d23) [PhysX] Initialized MultithreadedTaskDispatcher with 6 workers.
 -> (artifact id: '6276e1031aa96a7cc66c7df057a5647c') in 0.027821 seconds
Number of updated asset objects reloaded before import = 0
Number of asset objects unloaded after import = 1
========================================================================
Received Import Request.
  Time since last request: 0.000024 seconds.
  path: Assets/Settings/URP-HighFidelity-Renderer.asset
  artifactKey: Guid(c40be3174f62c4acf8c1216858c64956) Importer(2089858483,0ecaa5967403d082aa24f35e1b516d23)
Start importing Assets/Settings/URP-HighFidelity-Renderer.asset using Guid(c40be3174f62c4acf8c1216858c64956) Importer(2089858483,0ecaa5967403d082aa24f35e1b516d23) [PhysX] Initialized MultithreadedTaskDispatcher with 6 workers.
 -> (artifact id: 'a57375aabf664e8a36fdc6a8f35e9677') in 0.023732 seconds
Number of updated asset objects reloaded before import = 0
Number of asset objects unloaded after import = 1
========================================================================
Received Import Request.
  Time since last request: 0.000037 seconds.
  path: Assets/Player/Textures/Ch15_1002_Normal.png
  artifactKey: Guid(71f08cf9ca7848442a9b41d5a3e92627) Importer(2089858483,0ecaa5967403d082aa24f35e1b516d23)
Start importing Assets/Player/Textures/Ch15_1002_Normal.png using Guid(71f08cf9ca7848442a9b41d5a3e92627) Importer(2089858483,0ecaa5967403d082aa24f35e1b516d23) [PhysX] Initialized MultithreadedTaskDispatcher with 6 workers.
 -> (artifact id: '2c1d84eacba763b9779d902f14af3d9f') in 0.022964 seconds
Number of updated asset objects reloaded before import = 0
Number of asset objects unloaded after import = 1
========================================================================
Received Import Request.
  Time since last request: 0.000022 seconds.
  path: Assets/Player/PlayerController.controller
  artifactKey: Guid(e679b4c22ef42f14daa3b7d5b7cb106a) Importer(2089858483,0ecaa5967403d082aa24f35e1b516d23)
Start importing Assets/Player/PlayerController.controller using Guid(e679b4c22ef42f14daa3b7d5b7cb106a) Importer(2089858483,0ecaa5967403d082aa24f35e1b516d23) [PhysX] Initialized MultithreadedTaskDispatcher with 6 workers.
 -> (artifact id: 'a96cb9274815ffa81284fa878dea6365') in 0.173671 seconds
Number of updated asset objects reloaded before import = 0
Number of asset objects unloaded after import = 38
========================================================================
Received Import Request.
  Time since last request: 0.000030 seconds.
  path: Assets/TutorialInfo/Scripts/Readme.cs
  artifactKey: Guid(fcf7219bab7fe46a1ad266029b2fee19) Importer(2089858483,0ecaa5967403d082aa24f35e1b516d23)
Start importing Assets/TutorialInfo/Scripts/Readme.cs using Guid(fcf7219bab7fe46a1ad266029b2fee19) Importer(2089858483,0ecaa5967403d082aa24f35e1b516d23) [PhysX] Initialized MultithreadedTaskDispatcher with 6 workers.
 -> (artifact id: 'fe7b1400a28281cccc82ed47f9ec9fa0') in 0.013607 seconds
Number of updated asset objects reloaded before import = 0
Number of asset objects unloaded after import = 1
========================================================================
Received Import Request.
  Time since last request: 0.000033 seconds.
  path: Assets/Player/Materials/Ch15_body.mat
  artifactKey: Guid(dac09533e7959064fbc092f295997b9d) Importer(2089858483,0ecaa5967403d082aa24f35e1b516d23)
Start importing Assets/Player/Materials/Ch15_body.mat using Guid(dac09533e7959064fbc092f295997b9d) Importer(2089858483,0ecaa5967403d082aa24f35e1b516d23) [PhysX] Initialized MultithreadedTaskDispatcher with 6 workers.
 -> (artifact id: '2d63b3f921579808739c2fb795c2ae63') in 0.023026 seconds
Number of updated asset objects reloaded before import = 0
Number of asset objects unloaded after import = 3
========================================================================
Received Import Request.
  Time since last request: 0.000022 seconds.
  path: Assets/Animations/Running/RunBackRight.anim
  artifactKey: Guid(e085eec96bcd21c43aa896e3a2117d1c) Importer(2089858483,0ecaa5967403d082aa24f35e1b516d23)
Start importing Assets/Animations/Running/RunBackRight.anim using Guid(e085eec96bcd21c43aa896e3a2117d1c) Importer(2089858483,0ecaa5967403d082aa24f35e1b516d23) [PhysX] Initialized MultithreadedTaskDispatcher with 6 workers.
 -> (artifact id: '6bdb776cf07249073c6c65b367d483b3') in 0.022223 seconds
Number of updated asset objects reloaded before import = 0
Number of asset objects unloaded after import = 1
========================================================================
Received Import Request.
  Time since last request: 0.000025 seconds.
  path: Assets/Player/Textures/Ch15_1002_Diffuse.png
  artifactKey: Guid(d947717cde662ee418615e9e78b2dd3c) Importer(2089858483,0ecaa5967403d082aa24f35e1b516d23)
Start importing Assets/Player/Textures/Ch15_1002_Diffuse.png using Guid(d947717cde662ee418615e9e78b2dd3c) Importer(2089858483,0ecaa5967403d082aa24f35e1b516d23) [PhysX] Initialized MultithreadedTaskDispatcher with 6 workers.
 -> (artifact id: 'f7d6a81c47cb8f9321c23a6884fdb172') in 0.019344 seconds
Number of updated asset objects reloaded before import = 0
Number of asset objects unloaded after import = 1
========================================================================
Received Import Request.
  Time since last request: 0.000027 seconds.
  path: Assets/Script/MovementStateManager.cs
  artifactKey: Guid(b730589ce2bd5a3468142699034f172b) Importer(2089858483,0ecaa5967403d082aa24f35e1b516d23)
Start importing Assets/Script/MovementStateManager.cs using Guid(b730589ce2bd5a3468142699034f172b) Importer(2089858483,0ecaa5967403d082aa24f35e1b516d23) [PhysX] Initialized MultithreadedTaskDispatcher with 6 workers.
 -> (artifact id: 'd1da338e534fce90fbb24a4eb39bf1c7') in 0.012665 seconds
Number of updated asset objects reloaded before import = 0
Number of asset objects unloaded after import = 1
========================================================================
Received Import Request.
  Time since last request: 0.000030 seconds.
  path: Assets/Animations/Running/RunBackLeft.anim
  artifactKey: Guid(1362366d6acfa4d42b7f38186e5afbd2) Importer(2089858483,0ecaa5967403d082aa24f35e1b516d23)
Start importing Assets/Animations/Running/RunBackLeft.anim using Guid(1362366d6acfa4d42b7f38186e5afbd2) Importer(2089858483,0ecaa5967403d082aa24f35e1b516d23) [PhysX] Initialized MultithreadedTaskDispatcher with 6 workers.
 -> (artifact id: '3e2db8974c802932a270681561a95446') in 0.029659 seconds
Number of updated asset objects reloaded before import = 0
Number of asset objects unloaded after import = 1
========================================================================
Received Import Request.
  Time since last request: 0.000021 seconds.
  path: Assets/Animations/Crouching/CrouchWalk.anim
  artifactKey: Guid(47513cb0f978987448775facd588b468) Importer(2089858483,0ecaa5967403d082aa24f35e1b516d23)
Start importing Assets/Animations/Crouching/CrouchWalk.anim using Guid(47513cb0f978987448775facd588b468) Importer(2089858483,0ecaa5967403d082aa24f35e1b516d23) [PhysX] Initialized MultithreadedTaskDispatcher with 6 workers.
 -> (artifact id: '9707917f0868f14193307ce348b36726') in 0.025337 seconds
Number of updated asset objects reloaded before import = 0
Number of asset objects unloaded after import = 1
========================================================================
Received Import Request.
  Time since last request: 0.000021 seconds.
  path: Assets/Asset/Nha1/Texture/nhaduc-normal.png
  artifactKey: Guid(74ca0da000e937040acdbbb785fb6f02) Importer(2089858483,0ecaa5967403d082aa24f35e1b516d23)
Start importing Assets/Asset/Nha1/Texture/nhaduc-normal.png using Guid(74ca0da000e937040acdbbb785fb6f02) Importer(2089858483,0ecaa5967403d082aa24f35e1b516d23) [PhysX] Initialized MultithreadedTaskDispatcher with 6 workers.
 -> (artifact id: '7cb4621f0720fb4b291aa40141136e51') in 0.021365 seconds
Number of updated asset objects reloaded before import = 0
Number of asset objects unloaded after import = 1
========================================================================
Received Import Request.
  Time since last request: 0.000028 seconds.
  path: Assets/Player/Textures/Ch15_1002_Glossiness.png
  artifactKey: Guid(35097315f2c599244872c8e9ba3894cf) Importer(2089858483,0ecaa5967403d082aa24f35e1b516d23)
Start importing Assets/Player/Textures/Ch15_1002_Glossiness.png using Guid(35097315f2c599244872c8e9ba3894cf) Importer(2089858483,0ecaa5967403d082aa24f35e1b516d23) [PhysX] Initialized MultithreadedTaskDispatcher with 6 workers.
 -> (artifact id: '75b228e2acf53ac89db7ac4fe0198c20') in 0.030063 seconds
Number of updated asset objects reloaded before import = 0
Number of asset objects unloaded after import = 1
========================================================================
Received Import Request.
  Time since last request: 0.000029 seconds.
  path: Assets/Player/Textures/Ch15_1002_Specular.png
  artifactKey: Guid(f2982d5c7070a4e4d9419291e44a3f53) Importer(2089858483,0ecaa5967403d082aa24f35e1b516d23)
Start importing Assets/Player/Textures/Ch15_1002_Specular.png using Guid(f2982d5c7070a4e4d9419291e44a3f53) Importer(2089858483,0ecaa5967403d082aa24f35e1b516d23) [PhysX] Initialized MultithreadedTaskDispatcher with 6 workers.
 -> (artifact id: 'bf4a042467d7f865b7a755326ee84651') in 0.032195 seconds
Number of updated asset objects reloaded before import = 0
Number of asset objects unloaded after import = 1
========================================================================
Received Import Request.
  Time since last request: 0.000029 seconds.
  path: Assets/Player/Textures/Ch15_1001_Specular.png
  artifactKey: Guid(c0d20fc53db2bdc4abe4573824a19e2f) Importer(2089858483,0ecaa5967403d082aa24f35e1b516d23)
Start importing Assets/Player/Textures/Ch15_1001_Specular.png using Guid(c0d20fc53db2bdc4abe4573824a19e2f) Importer(2089858483,0ecaa5967403d082aa24f35e1b516d23) [PhysX] Initialized MultithreadedTaskDispatcher with 6 workers.
 -> (artifact id: 'c7ccfb506a27f325c4a101e1c5904543') in 0.029083 seconds
Number of updated asset objects reloaded before import = 0
Number of asset objects unloaded after import = 1
========================================================================
Received Import Request.
  Time since last request: 0.000022 seconds.
  path: Assets/Animations/Crouching/CrouchWalkBackRight.anim
  artifactKey: Guid(2b989d463397bb149af2192cbade5062) Importer(2089858483,0ecaa5967403d082aa24f35e1b516d23)
Start importing Assets/Animations/Crouching/CrouchWalkBackRight.anim using Guid(2b989d463397bb149af2192cbade5062) Importer(2089858483,0ecaa5967403d082aa24f35e1b516d23) [PhysX] Initialized MultithreadedTaskDispatcher with 6 workers.
 -> (artifact id: 'ed11b5980a4dbf773cdf6a5048f718c7') in 0.020459 seconds
Number of updated asset objects reloaded before import = 0
Number of asset objects unloaded after import = 1
========================================================================
Received Import Request.
  Time since last request: 0.000022 seconds.
  path: Assets/Unity-URP-GlassShader-master/GlassShader.shadergraph
  artifactKey: Guid(da5b0bd7382ff6d4a936cf1055a67d6d) Importer(2089858483,0ecaa5967403d082aa24f35e1b516d23)
Start importing Assets/Unity-URP-GlassShader-master/GlassShader.shadergraph using Guid(da5b0bd7382ff6d4a936cf1055a67d6d) Importer(2089858483,0ecaa5967403d082aa24f35e1b516d23) [PhysX] Initialized MultithreadedTaskDispatcher with 6 workers.
 -> (artifact id: '5a7739c8ad9b8cd8682b904382b4b09b') in 0.016800 seconds
Number of updated asset objects reloaded before import = 0
Number of asset objects unloaded after import = 2
========================================================================
Received Import Request.
  Time since last request: 0.000026 seconds.
  path: Assets/TutorialInfo/Scripts/Editor/ReadmeEditor.cs
  artifactKey: Guid(476cc7d7cd9874016adc216baab94a0a) Importer(2089858483,0ecaa5967403d082aa24f35e1b516d23)
Start importing Assets/TutorialInfo/Scripts/Editor/ReadmeEditor.cs using Guid(476cc7d7cd9874016adc216baab94a0a) Importer(2089858483,0ecaa5967403d082aa24f35e1b516d23) [PhysX] Initialized MultithreadedTaskDispatcher with 6 workers.
 -> (artifact id: 'c4d50177c8f5913a518487c1af07dd2f') in 0.016956 seconds
Number of updated asset objects reloaded before import = 0
Number of asset objects unloaded after import = 1
========================================================================
Received Import Request.
  Time since last request: 0.000029 seconds.
  path: Assets/Asset/Nha1/Texture/gravel_concrete_nor_gl_1k.png
  artifactKey: Guid(265b7e6125ff3cd44b14846063140afd) Importer(2089858483,0ecaa5967403d082aa24f35e1b516d23)
Start importing Assets/Asset/Nha1/Texture/gravel_concrete_nor_gl_1k.png using Guid(265b7e6125ff3cd44b14846063140afd) Importer(2089858483,0ecaa5967403d082aa24f35e1b516d23) [PhysX] Initialized MultithreadedTaskDispatcher with 6 workers.
 -> (artifact id: 'e8f30e7ab8a32ed8aad5c6013b5767c4') in 0.029852 seconds
Number of updated asset objects reloaded before import = 0
Number of asset objects unloaded after import = 1
========================================================================
Received Import Request.
  Time since last request: 0.000034 seconds.
  path: Assets/Unity-URP-GlassShader-master/LICENSE.md
  artifactKey: Guid(146098864f0dc7a43bd81e575de38e95) Importer(2089858483,0ecaa5967403d082aa24f35e1b516d23)
Start importing Assets/Unity-URP-GlassShader-master/LICENSE.md using Guid(146098864f0dc7a43bd81e575de38e95) Importer(2089858483,0ecaa5967403d082aa24f35e1b516d23) [PhysX] Initialized MultithreadedTaskDispatcher with 6 workers.
 -> (artifact id: '63fbb73076d21651a9742b7ae3cd86b8') in 0.019815 seconds
Number of updated asset objects reloaded before import = 0
Number of asset objects unloaded after import = 1
========================================================================
Received Import Request.
  Time since last request: 0.000029 seconds.
  path: Assets/Animations/Running/LeftRun.anim
  artifactKey: Guid(2d5d1833893845748ba0f168345ac1d5) Importer(2089858483,0ecaa5967403d082aa24f35e1b516d23)
Start importing Assets/Animations/Running/LeftRun.anim using Guid(2d5d1833893845748ba0f168345ac1d5) Importer(2089858483,0ecaa5967403d082aa24f35e1b516d23) [PhysX] Initialized MultithreadedTaskDispatcher with 6 workers.
 -> (artifact id: 'c892890f558a5dbc0141ecb0620312e0') in 0.022034 seconds
Number of updated asset objects reloaded before import = 0
Number of asset objects unloaded after import = 1
========================================================================
Received Import Request.
  Time since last request: 0.000021 seconds.
  path: Assets/Settings/URP-HighFidelity.asset
  artifactKey: Guid(7b7fd9122c28c4d15b667c7040e3b3fd) Importer(2089858483,0ecaa5967403d082aa24f35e1b516d23)
Start importing Assets/Settings/URP-HighFidelity.asset using Guid(7b7fd9122c28c4d15b667c7040e3b3fd) Importer(2089858483,0ecaa5967403d082aa24f35e1b516d23) [PhysX] Initialized MultithreadedTaskDispatcher with 6 workers.
 -> (artifact id: 'b22de9c1f6ddfc85d9f841a8bd3c5024') in 0.023526 seconds
Number of updated asset objects reloaded before import = 0
Number of asset objects unloaded after import = 1
========================================================================
Received Import Request.
  Time since last request: 0.000023 seconds.
  path: Assets/Script/AimStateManager.cs
  artifactKey: Guid(727b39ea7f7725b48b7a475faf6f5bbf) Importer(2089858483,0ecaa5967403d082aa24f35e1b516d23)
Start importing Assets/Script/AimStateManager.cs using Guid(727b39ea7f7725b48b7a475faf6f5bbf) Importer(2089858483,0ecaa5967403d082aa24f35e1b516d23) [PhysX] Initialized MultithreadedTaskDispatcher with 6 workers.
 -> (artifact id: 'b9ce2f592add10a4753593871a19d990') in 0.013052 seconds
Number of updated asset objects reloaded before import = 0
Number of asset objects unloaded after import = 1
========================================================================
Received Import Request.
  Time since last request: 0.000026 seconds.
  path: Assets/UniversalRenderPipelineGlobalSettings.asset
  artifactKey: Guid(18dc0cd2c080841dea60987a38ce93fa) Importer(2089858483,0ecaa5967403d082aa24f35e1b516d23)
Start importing Assets/UniversalRenderPipelineGlobalSettings.asset using Guid(18dc0cd2c080841dea60987a38ce93fa) Importer(2089858483,0ecaa5967403d082aa24f35e1b516d23) [PhysX] Initialized MultithreadedTaskDispatcher with 6 workers.
 -> (artifact id: '8ae2fb7787997c498bb369e3c63fa689') in 0.016289 seconds
Number of updated asset objects reloaded before import = 0
Number of asset objects unloaded after import = 1
========================================================================
Received Import Request.
  Time since last request: 0.000031 seconds.
  path: Assets/Asset/test2.mat
  artifactKey: Guid(fb1875c079398e44aaa9dc17b2b2a707) Importer(2089858483,0ecaa5967403d082aa24f35e1b516d23)
Start importing Assets/Asset/test2.mat using Guid(fb1875c079398e44aaa9dc17b2b2a707) Importer(2089858483,0ecaa5967403d082aa24f35e1b516d23) [PhysX] Initialized MultithreadedTaskDispatcher with 6 workers.
 -> (artifact id: '3eddc706bc754e8afd95931af4279c30') in 0.022159 seconds
Number of updated asset objects reloaded before import = 0
Number of asset objects unloaded after import = 1
========================================================================
Received Import Request.
  Time since last request: 0.000028 seconds.
  path: Assets/Settings/URP-Performant.asset
  artifactKey: Guid(d0e2fc18fe036412f8223b3b3d9ad574) Importer(2089858483,0ecaa5967403d082aa24f35e1b516d23)
Start importing Assets/Settings/URP-Performant.asset using Guid(d0e2fc18fe036412f8223b3b3d9ad574) Importer(2089858483,0ecaa5967403d082aa24f35e1b516d23) [PhysX] Initialized MultithreadedTaskDispatcher with 6 workers.
 -> (artifact id: '42b30ab993d980b0f23565d09ac4b8fa') in 0.032052 seconds
Number of updated asset objects reloaded before import = 0
Number of asset objects unloaded after import = 2
========================================================================
Received Import Request.
  Time since last request: 0.000024 seconds.
  path: Assets/Animations/Walking/Idle.anim
  artifactKey: Guid(d2e257bdf96799c44aa506c02261fd48) Importer(2089858483,0ecaa5967403d082aa24f35e1b516d23)
Start importing Assets/Animations/Walking/Idle.anim using Guid(d2e257bdf96799c44aa506c02261fd48) Importer(2089858483,0ecaa5967403d082aa24f35e1b516d23) [PhysX] Initialized MultithreadedTaskDispatcher with 6 workers.
 -> (artifact id: 'bb3079d9439f73fae5e9fd880644a49e') in 0.020059 seconds
Number of updated asset objects reloaded before import = 0
Number of asset objects unloaded after import = 1
========================================================================
Received Import Request.
  Time since last request: 0.000025 seconds.
  path: Assets/Unity-URP-GlassShader-master/README.md
  artifactKey: Guid(535254cebf4ad4743aa8196f2b15e591) Importer(2089858483,0ecaa5967403d082aa24f35e1b516d23)
Start importing Assets/Unity-URP-GlassShader-master/README.md using Guid(535254cebf4ad4743aa8196f2b15e591) Importer(2089858483,0ecaa5967403d082aa24f35e1b516d23) [PhysX] Initialized MultithreadedTaskDispatcher with 6 workers.
 -> (artifact id: '3e9484d036fbc5eedae4eed7947c086a') in 0.020479 seconds
Number of updated asset objects reloaded before import = 0
Number of asset objects unloaded after import = 1
========================================================================
Received Import Request.
  Time since last request: 0.000033 seconds.
  path: Assets/Player/Materials/Ch15_body1.mat
  artifactKey: Guid(029a1ccc0b94484499e4862ec7033e94) Importer(2089858483,0ecaa5967403d082aa24f35e1b516d23)
Start importing Assets/Player/Materials/Ch15_body1.mat using Guid(029a1ccc0b94484499e4862ec7033e94) Importer(2089858483,0ecaa5967403d082aa24f35e1b516d23) [PhysX] Initialized MultithreadedTaskDispatcher with 6 workers.
 -> (artifact id: 'e8b9c3f8b6002dacc66dec8b267bf452') in 0.023002 seconds
Number of updated asset objects reloaded before import = 0
Number of asset objects unloaded after import = 4
========================================================================
Received Import Request.
  Time since last request: 0.000023 seconds.
  path: Assets/Asset/Nha1/Texture/gravel_concrete_diff_1k.jpg
  artifactKey: Guid(55179a9a05feaee4caeee4cab446e8ca) Importer(2089858483,0ecaa5967403d082aa24f35e1b516d23)
Start importing Assets/Asset/Nha1/Texture/gravel_concrete_diff_1k.jpg using Guid(55179a9a05feaee4caeee4cab446e8ca) Importer(2089858483,0ecaa5967403d082aa24f35e1b516d23) [PhysX] Initialized MultithreadedTaskDispatcher with 6 workers.
 -> (artifact id: '17bf7dec002982df9880b0b01ca9311f') in 0.019650 seconds
Number of updated asset objects reloaded before import = 0
Number of asset objects unloaded after import = 1
========================================================================
Received Import Request.
  Time since last request: 0.000022 seconds.
  path: Assets/Animations/Walking/Walk.anim
  artifactKey: Guid(bae0a3373567d0245b4011b06ed36047) Importer(2089858483,0ecaa5967403d082aa24f35e1b516d23)
Start importing Assets/Animations/Walking/Walk.anim using Guid(bae0a3373567d0245b4011b06ed36047) Importer(2089858483,0ecaa5967403d082aa24f35e1b516d23) [PhysX] Initialized MultithreadedTaskDispatcher with 6 workers.
 -> (artifact id: 'f75108c5d26d507a7b48e1ff05a1a2fe') in 0.025523 seconds
Number of updated asset objects reloaded before import = 0
Number of asset objects unloaded after import = 1
========================================================================
Received Import Request.
  Time since last request: 0.000027 seconds.
  path: Assets/terrain/New Terrain.asset
  artifactKey: Guid(e263f98ce885b82428486d0b4ad94626) Importer(2089858483,0ecaa5967403d082aa24f35e1b516d23)
Start importing Assets/terrain/New Terrain.asset using Guid(e263f98ce885b82428486d0b4ad94626) Importer(2089858483,0ecaa5967403d082aa24f35e1b516d23) [PhysX] Initialized MultithreadedTaskDispatcher with 6 workers.
 -> (artifact id: 'a8a018921eeb70282bbdf4195b4507e9') in 0.027085 seconds
Number of updated asset objects reloaded before import = 0
Number of asset objects unloaded after import = 2
========================================================================
Received Import Request.
  Time since last request: 0.000022 seconds.
  path: Assets/Animations/Walking/RightWalk.anim
  artifactKey: Guid(5428fa09f9b9d87458085e79ba45de57) Importer(2089858483,0ecaa5967403d082aa24f35e1b516d23)
Start importing Assets/Animations/Walking/RightWalk.anim using Guid(5428fa09f9b9d87458085e79ba45de57) Importer(2089858483,0ecaa5967403d082aa24f35e1b516d23) [PhysX] Initialized MultithreadedTaskDispatcher with 6 workers.
 -> (artifact id: 'f951b9c31188a732cc67002722e9409b') in 0.022836 seconds
Number of updated asset objects reloaded before import = 0
Number of asset objects unloaded after import = 1
========================================================================
Received Import Request.
  Time since last request: 0.000027 seconds.
  path: Assets/Animations/Walking/WalkBack.anim
  artifactKey: Guid(246c8f866d8ad454db48d2d07aacbd73) Importer(2089858483,0ecaa5967403d082aa24f35e1b516d23)
Start importing Assets/Animations/Walking/WalkBack.anim using Guid(246c8f866d8ad454db48d2d07aacbd73) Importer(2089858483,0ecaa5967403d082aa24f35e1b516d23) [PhysX] Initialized MultithreadedTaskDispatcher with 6 workers.
 -> (artifact id: 'd8517f63454b29feb416a94699a45cd3') in 0.024860 seconds
Number of updated asset objects reloaded before import = 0
Number of asset objects unloaded after import = 1
========================================================================
Received Import Request.
  Time since last request: 0.000027 seconds.
  path: Assets/Player/Textures/Ch15_1002_Emissive.png
  artifactKey: Guid(24e963e2503056c48b55ea24c6e6383f) Importer(2089858483,0ecaa5967403d082aa24f35e1b516d23)
Start importing Assets/Player/Textures/Ch15_1002_Emissive.png using Guid(24e963e2503056c48b55ea24c6e6383f) Importer(2089858483,0ecaa5967403d082aa24f35e1b516d23) [PhysX] Initialized MultithreadedTaskDispatcher with 6 workers.
 -> (artifact id: '2f858acb834b4e42227c503ef25ffdb5') in 0.020585 seconds
Number of updated asset objects reloaded before import = 0
Number of asset objects unloaded after import = 1
========================================================================
Received Import Request.
  Time since last request: 0.000041 seconds.
  path: Assets/Animations/Crouching/CrouchWalkBackLeft.anim
  artifactKey: Guid(07b6b9aba07a35e44967d944a0f6399b) Importer(2089858483,0ecaa5967403d082aa24f35e1b516d23)
Start importing Assets/Animations/Crouching/CrouchWalkBackLeft.anim using Guid(07b6b9aba07a35e44967d944a0f6399b) Importer(2089858483,0ecaa5967403d082aa24f35e1b516d23) [PhysX] Initialized MultithreadedTaskDispatcher with 6 workers.
 -> (artifact id: '9880d1127f7e7e5a5ab34d1ee67d61f1') in 0.021604 seconds
Number of updated asset objects reloaded before import = 0
Number of asset objects unloaded after import = 1
========================================================================
Received Import Request.
  Time since last request: 0.000024 seconds.
  path: Assets/terrain/bumpy_worn_ground_albedo.png
  artifactKey: Guid(2019e16334c19a2478c9f05f45e23efa) Importer(2089858483,0ecaa5967403d082aa24f35e1b516d23)
Start importing Assets/terrain/bumpy_worn_ground_albedo.png using Guid(2019e16334c19a2478c9f05f45e23efa) Importer(2089858483,0ecaa5967403d082aa24f35e1b516d23) [PhysX] Initialized MultithreadedTaskDispatcher with 6 workers.
 -> (artifact id: '13676ec6a433788b2da155d40f3f0d72') in 0.025356 seconds
Number of updated asset objects reloaded before import = 0
Number of asset objects unloaded after import = 1
